This is pdfTeX, Version 3.141592653-2.6-1.40.24 (MiKTeX 22.3) (preloaded format=pdflatex 2022.5.14)  29 MAY 2022 12:27
entering extended mode
 \write18 enabled.
 file:line:error style messages enabled.
 %&-line parsing enabled.
**c:/Users/Maurizio/Desktop/HumanGenomics/principal.tex
(c:/Users/Maurizio/Desktop/HumanGenomics/principal.tex
LaTeX2e <2021-11-15> patch level 1
L3 programming layer <2022-04-29> (prefix.tex (C:\Users\Maurizio\AppData\Local\Programs\MiKTeX\tex/latex/base\book.cls
Document Class: book 2021/10/04 v1.4n Standard LaTeX document class
(C:\Users\Maurizio\AppData\Local\Programs\MiKTeX\tex/latex/base\bk10.clo
File: bk10.clo 2021/10/04 v1.4n Standard LaTeX file (size option)
)
\c@part=\count185
\c@chapter=\count186
\c@section=\count187
\c@subsection=\count188
\c@subsubsection=\count189
\c@paragraph=\count190
\c@subparagraph=\count191
\c@figure=\count192
\c@table=\count193
\abovecaptionskip=\skip47
\belowcaptionskip=\skip48
\bibindent=\dimen138
) (C:\Users\Maurizio\AppData\Local\Programs\MiKTeX\tex/latex/geometry\geometry.sty
Package: geometry 2020/01/02 v5.9 Page Geometry
 (C:\Users\Maurizio\AppData\Local\Programs\MiKTeX\tex/latex/graphics\keyval.sty
Package: keyval 2014/10/28 v1.15 key=value parser (DPC)
\KV@toks@=\toks16
) (C:\Users\Maurizio\AppData\Local\Programs\MiKTeX\tex/generic/iftex\ifvtex.sty
Package: ifvtex 2019/10/25 v1.7 ifvtex legacy package. Use iftex instead.
 (C:\Users\Maurizio\AppData\Local\Programs\MiKTeX\tex/generic/iftex\iftex.sty
Package: iftex 2022/02/03 v1.0f TeX engine tests
))
\Gm@cnth=\count194
\Gm@cntv=\count195
\c@Gm@tempcnt=\count196
\Gm@bindingoffset=\dimen139
\Gm@wd@mp=\dimen140
\Gm@odd@mp=\dimen141
\Gm@even@mp=\dimen142
\Gm@layoutwidth=\dimen143
\Gm@layoutheight=\dimen144
\Gm@layouthoffset=\dimen145
\Gm@layoutvoffset=\dimen146
\Gm@dimlist=\toks17
 (C:\Users\Maurizio\AppData\Local\Programs\MiKTeX\tex/latex/geometry\geometry.cfg)) (C:\Users\Maurizio\AppData\Local\Programs\MiKTeX\tex/generic/babel\babel.sty
Package: babel 2022/04/30 3.74 The Babel package
\babel@savecnt=\count197
\U@D=\dimen147
\l@unhyphenated=\language79
 (C:\Users\Maurizio\AppData\Local\Programs\MiKTeX\tex/generic/babel\txtbabel.def)
\bbl@readstream=\read2
\bbl@dirlevel=\count198

*************************************
* Local config file bblopts.cfg used
*
(C:\Users\Maurizio\AppData\Local\Programs\MiKTeX\tex/latex/arabi\bblopts.cfg
File: bblopts.cfg 2005/09/08 v0.1 add Arabic and Farsi to "declared" options of babel
) (C:\Users\Maurizio\AppData\Local\Programs\MiKTeX\tex/latex/babel-english\english.ldf
Language: english 2017/06/06 v3.3r English support from the babel system
Package babel Info: Hyphen rules for 'canadian' set to \l@english
(babel)             (\language0). Reported on input line 102.
Package babel Info: Hyphen rules for 'australian' set to \l@ukenglish
(babel)             (\language73). Reported on input line 105.
Package babel Info: Hyphen rules for 'newzealand' set to \l@ukenglish
(babel)             (\language73). Reported on input line 108.
)) (C:\Users\Maurizio\AppData\Local\Programs\MiKTeX\tex/latex/base\inputenc.sty
Package: inputenc 2021/02/14 v1.3d Input encoding file
\inpenc@prehook=\toks18
\inpenc@posthook=\toks19
) (C:\Users\Maurizio\AppData\Local\Programs\MiKTeX\tex/latex/base\fontenc.sty
Package: fontenc 2021/04/29 v2.0v Standard LaTeX package
) (C:\Users\Maurizio\AppData\Local\Programs\MiKTeX\tex/latex/cancel\cancel.sty
Package: cancel 2013/04/12 v2.2 Cancel math terms
) (C:\Users\Maurizio\AppData\Local\Programs\MiKTeX\tex/latex/amsmath\amsmath.sty
Package: amsmath 2021/10/15 v2.17l AMS math features
\@mathmargin=\skip49

For additional information on amsmath, use the `?' option.
(C:\Users\Maurizio\AppData\Local\Programs\MiKTeX\tex/latex/amsmath\amstext.sty
Package: amstext 2021/08/26 v2.01 AMS text
 (C:\Users\Maurizio\AppData\Local\Programs\MiKTeX\tex/latex/amsmath\amsgen.sty
File: amsgen.sty 1999/11/30 v2.0 generic functions
\@emptytoks=\toks20
\ex@=\dimen148
)) (C:\Users\Maurizio\AppData\Local\Programs\MiKTeX\tex/latex/amsmath\amsbsy.sty
Package: amsbsy 1999/11/29 v1.2d Bold Symbols
\pmbraise@=\dimen149
) (C:\Users\Maurizio\AppData\Local\Programs\MiKTeX\tex/latex/amsmath\amsopn.sty
Package: amsopn 2021/08/26 v2.02 operator names
)
\inf@bad=\count199
LaTeX Info: Redefining \frac on input line 234.
\uproot@=\count266
\leftroot@=\count267
LaTeX Info: Redefining \overline on input line 399.
\classnum@=\count268
\DOTSCASE@=\count269
LaTeX Info: Redefining \ldots on input line 496.
LaTeX Info: Redefining \dots on input line 499.
LaTeX Info: Redefining \cdots on input line 620.
\Mathstrutbox@=\box50
\strutbox@=\box51
\big@size=\dimen150
LaTeX Font Info:    Redeclaring font encoding OML on input line 743.
LaTeX Font Info:    Redeclaring font encoding OMS on input line 744.
\macc@depth=\count270
\c@MaxMatrixCols=\count271
\dotsspace@=\muskip16
\c@parentequation=\count272
\dspbrk@lvl=\count273
\tag@help=\toks21
\row@=\count274
\column@=\count275
\maxfields@=\count276
\andhelp@=\toks22
\eqnshift@=\dimen151
\alignsep@=\dimen152
\tagshift@=\dimen153
\tagwidth@=\dimen154
\totwidth@=\dimen155
\lineht@=\dimen156
\@envbody=\toks23
\multlinegap=\skip50
\multlinetaggap=\skip51
\mathdisplay@stack=\toks24
LaTeX Info: Redefining \[ on input line 2938.
LaTeX Info: Redefining \] on input line 2939.
) (C:\Users\Maurizio\AppData\Local\Programs\MiKTeX\tex/latex/amsfonts\amsfonts.sty
Package: amsfonts 2013/01/14 v3.01 Basic AMSFonts support
\symAMSa=\mathgroup4
\symAMSb=\mathgroup5
LaTeX Font Info:    Redeclaring math symbol \hbar on input line 98.
LaTeX Font Info:    Overwriting math alphabet `\mathfrak' in version `bold'
(Font)                  U/euf/m/n --> U/euf/b/n on input line 106.
) (C:\Users\Maurizio\AppData\Local\Programs\MiKTeX\tex/latex/doublestroke\dsfont.sty
Package: dsfont 1995/08/01 v0.1 Double stroke roman fonts
) (C:\Users\Maurizio\AppData\Local\Programs\MiKTeX\tex/latex/listings\listings.sty
\lst@mode=\count277
\lst@gtempboxa=\box52
\lst@token=\toks25
\lst@length=\count278
\lst@currlwidth=\dimen157
\lst@column=\count279
\lst@pos=\count280
\lst@lostspace=\dimen158
\lst@width=\dimen159
\lst@newlines=\count281
\lst@lineno=\count282
\lst@maxwidth=\dimen160
 (C:\Users\Maurizio\AppData\Local\Programs\MiKTeX\tex/latex/listings\lstmisc.sty
File: lstmisc.sty 2020/03/24 1.8d (Carsten Heinz)
\c@lstnumber=\count283
\lst@skipnumbers=\count284
\lst@framebox=\box53
) (C:\Users\Maurizio\AppData\Local\Programs\MiKTeX\tex/latex/listings\listings.cfg
File: listings.cfg 2020/03/24 1.8d listings configuration
))
Package: listings 2020/03/24 1.8d (Carsten Heinz)
 (C:\Users\Maurizio\AppData\Local\Programs\MiKTeX\tex/latex/hyperref\hyperref.sty
Package: hyperref 2022-02-21 v7.00n Hypertext links for LaTeX
 (C:\Users\Maurizio\AppData\Local\Programs\MiKTeX\tex/generic/ltxcmds\ltxcmds.sty
Package: ltxcmds 2020-05-10 v1.25 LaTeX kernel commands for general use (HO)
) (C:\Users\Maurizio\AppData\Local\Programs\MiKTeX\tex/generic/pdftexcmds\pdftexcmds.sty
Package: pdftexcmds 2020-06-27 v0.33 Utility functions of pdfTeX for LuaTeX (HO)
 (C:\Users\Maurizio\AppData\Local\Programs\MiKTeX\tex/generic/infwarerr\infwarerr.sty
Package: infwarerr 2019/12/03 v1.5 Providing info/warning/error messages (HO)
)
Package pdftexcmds Info: \pdf@primitive is available.
Package pdftexcmds Info: \pdf@ifprimitive is available.
Package pdftexcmds Info: \pdfdraftmode found.
) (C:\Users\Maurizio\AppData\Local\Programs\MiKTeX\tex/generic/kvsetkeys\kvsetkeys.sty
Package: kvsetkeys 2019/12/15 v1.18 Key value parser (HO)
) (C:\Users\Maurizio\AppData\Local\Programs\MiKTeX\tex/generic/kvdefinekeys\kvdefinekeys.sty
Package: kvdefinekeys 2019-12-19 v1.6 Define keys (HO)
) (C:\Users\Maurizio\AppData\Local\Programs\MiKTeX\tex/generic/pdfescape\pdfescape.sty
Package: pdfescape 2019/12/09 v1.15 Implements pdfTeX's escape features (HO)
) (C:\Users\Maurizio\AppData\Local\Programs\MiKTeX\tex/latex/hycolor\hycolor.sty
Package: hycolor 2020-01-27 v1.10 Color options for hyperref/bookmark (HO)
) (C:\Users\Maurizio\AppData\Local\Programs\MiKTeX\tex/latex/letltxmacro\letltxmacro.sty
Package: letltxmacro 2019/12/03 v1.6 Let assignment for LaTeX macros (HO)
) (C:\Users\Maurizio\AppData\Local\Programs\MiKTeX\tex/latex/auxhook\auxhook.sty
Package: auxhook 2019-12-17 v1.6 Hooks for auxiliary files (HO)
) (C:\Users\Maurizio\AppData\Local\Programs\MiKTeX\tex/latex/kvoptions\kvoptions.sty
Package: kvoptions 2020-10-07 v3.14 Key value format for package options (HO)
)
\@linkdim=\dimen161
\Hy@linkcounter=\count285
\Hy@pagecounter=\count286
 (C:\Users\Maurizio\AppData\Local\Programs\MiKTeX\tex/latex/hyperref\pd1enc.def
File: pd1enc.def 2022-02-21 v7.00n Hyperref: PDFDocEncoding definition (HO)
Now handling font encoding PD1 ...
... no UTF-8 mapping file for font encoding PD1
) (C:\Users\Maurizio\AppData\Local\Programs\MiKTeX\tex/generic/intcalc\intcalc.sty
Package: intcalc 2019/12/15 v1.3 Expandable calculations with integers (HO)
) (C:\Users\Maurizio\AppData\Local\Programs\MiKTeX\tex/generic/etexcmds\etexcmds.sty
Package: etexcmds 2019/12/15 v1.7 Avoid name clashes with e-TeX commands (HO)
)
\Hy@SavedSpaceFactor=\count287
 (C:\Users\Maurizio\AppData\Local\Programs\MiKTeX\tex/latex/hyperref\puenc.def
File: puenc.def 2022-02-21 v7.00n Hyperref: PDF Unicode definition (HO)
Now handling font encoding PU ...
... no UTF-8 mapping file for font encoding PU
)
Package hyperref Info: Hyper figures OFF on input line 4137.
Package hyperref Info: Link nesting OFF on input line 4142.
Package hyperref Info: Hyper index ON on input line 4145.
Package hyperref Info: Plain pages OFF on input line 4152.
Package hyperref Info: Backreferencing OFF on input line 4157.
Package hyperref Info: Implicit mode ON; LaTeX internals redefined.
Package hyperref Info: Bookmarks ON on input line 4390.
\c@Hy@tempcnt=\count288
 (C:\Users\Maurizio\AppData\Local\Programs\MiKTeX\tex/latex/url\url.sty
\Urlmuskip=\muskip17
Package: url 2013/09/16  ver 3.4  Verb mode for urls, etc.
)
LaTeX Info: Redefining \url on input line 4749.
\XeTeXLinkMargin=\dimen162
 (C:\Users\Maurizio\AppData\Local\Programs\MiKTeX\tex/generic/bitset\bitset.sty
Package: bitset 2019/12/09 v1.3 Handle bit-vector datatype (HO)
 (C:\Users\Maurizio\AppData\Local\Programs\MiKTeX\tex/generic/bigintcalc\bigintcalc.sty
Package: bigintcalc 2019/12/15 v1.5 Expandable calculations on big integers (HO)
))
\Fld@menulength=\count289
\Field@Width=\dimen163
\Fld@charsize=\dimen164
Package hyperref Info: Hyper figures OFF on input line 6027.
Package hyperref Info: Link nesting OFF on input line 6032.
Package hyperref Info: Hyper index ON on input line 6035.
Package hyperref Info: backreferencing OFF on input line 6042.
Package hyperref Info: Link coloring OFF on input line 6047.
Package hyperref Info: Link coloring with OCG OFF on input line 6052.
Package hyperref Info: PDF/A mode OFF on input line 6057.
LaTeX Info: Redefining \ref on input line 6097.
LaTeX Info: Redefining \pageref on input line 6101.
 (C:\Users\Maurizio\AppData\Local\Programs\MiKTeX\tex/latex/base\atbegshi-ltx.sty
Package: atbegshi-ltx 2021/01/10 v1.0c Emulation of the original atbegshi
package with kernel methods
)
\Hy@abspage=\count290
\c@Item=\count291
\c@Hfootnote=\count292
)
Package hyperref Info: Driver (autodetected): hpdftex.
 (C:\Users\Maurizio\AppData\Local\Programs\MiKTeX\tex/latex/hyperref\hpdftex.def
File: hpdftex.def 2022-02-21 v7.00n Hyperref driver for pdfTeX
 (C:\Users\Maurizio\AppData\Local\Programs\MiKTeX\tex/latex/base\atveryend-ltx.sty
Package: atveryend-ltx 2020/08/19 v1.0a Emulation of the original atveryend package
with kernel methods
)
\Fld@listcount=\count293
\c@bookmark@seq@number=\count294
 (C:\Users\Maurizio\AppData\Local\Programs\MiKTeX\tex/latex/rerunfilecheck\rerunfilecheck.sty
Package: rerunfilecheck 2019/12/05 v1.9 Rerun checks for auxiliary files (HO)
 (C:\Users\Maurizio\AppData\Local\Programs\MiKTeX\tex/generic/uniquecounter\uniquecounter.sty
Package: uniquecounter 2019/12/15 v1.4 Provide unlimited unique counter (HO)
)
Package uniquecounter Info: New unique counter `rerunfilecheck' on input line 286.
)
\Hy@SectionHShift=\skip52
) (C:\Users\Maurizio\AppData\Local\Programs\MiKTeX\tex/latex/siunitx\siunitx.sty
Package: siunitx 2022-05-03 v3.1.1 A comprehensive (SI) units package
\l__siunitx_angle_tmp_dim=\dimen165
\l__siunitx_angle_marker_box=\box54
\l__siunitx_angle_unit_box=\box55
\l__siunitx_compound_count_int=\count295
 (C:\Users\Maurizio\AppData\Local\Programs\MiKTeX\tex/latex/translations\translations.sty
Package: translations 2022/02/05 v1.12 internationalization of LaTeX2e packages (CN)
 (C:\Users\Maurizio\AppData\Local\Programs\MiKTeX\tex/latex/etoolbox\etoolbox.sty
Package: etoolbox 2020/10/05 v2.5k e-TeX tools for LaTeX (JAW)
\etb@tempcnta=\count296
))
\l__siunitx_number_exponent_fixed_int=\count297
\l__siunitx_number_min_decimal_int=\count298
\l__siunitx_number_min_integer_int=\count299
\l__siunitx_number_round_precision_int=\count300
\l__siunitx_number_group_first_int=\count301
\l__siunitx_number_group_size_int=\count302
\l__siunitx_number_group_minimum_int=\count303
\l__siunitx_table_tmp_box=\box56
\l__siunitx_table_tmp_dim=\dimen166
\l__siunitx_table_column_width_dim=\dimen167
\l__siunitx_table_integer_box=\box57
\l__siunitx_table_decimal_box=\box58
\l__siunitx_table_before_box=\box59
\l__siunitx_table_after_box=\box60
\l__siunitx_table_before_dim=\dimen168
\l__siunitx_table_carry_dim=\dimen169
\l__siunitx_unit_tmp_int=\count304
\l__siunitx_unit_position_int=\count305
\l__siunitx_unit_total_int=\count306
 (C:\Users\Maurizio\AppData\Local\Programs\MiKTeX\tex/latex/l3packages/l3keys2e\l3keys2e.sty (C:\Users\Maurizio\AppData\Local\Programs\MiKTeX\tex/latex/l3kernel\expl3.sty
Package: expl3 2022-04-29 L3 programming layer (loader) 
 (C:\Users\Maurizio\AppData\Local\Programs\MiKTeX\tex/latex/l3backend\l3backend-pdftex.def
File: l3backend-pdftex.def 2022-04-20 L3 backend support: PDF output (pdfTeX)
\l__color_backend_stack_int=\count307
\l__pdf_internal_box=\box61
))
Package: l3keys2e 2022-01-12 LaTeX2e option processing using LaTeX3 keys
) (C:\Users\Maurizio\AppData\Local\Programs\MiKTeX\tex/latex/tools\array.sty
Package: array 2021/10/04 v2.5f Tabular extension package (FMi)
\col@sep=\dimen170
\ar@mcellbox=\box62
\extrarowheight=\dimen171
\NC@list=\toks26
\extratabsurround=\skip53
\backup@length=\skip54
\ar@cellbox=\box63
)) (C:\Users\Maurizio\AppData\Local\Programs\MiKTeX\tex/latex/fancyhdr\fancyhdr.sty
Package: fancyhdr 2021/01/28 v4.0.1 Extensive control of page headers and footers
\f@nch@headwidth=\skip55
\f@nch@O@elh=\skip56
\f@nch@O@erh=\skip57
\f@nch@O@olh=\skip58
\f@nch@O@orh=\skip59
\f@nch@O@elf=\skip60
\f@nch@O@erf=\skip61
\f@nch@O@olf=\skip62
\f@nch@O@orf=\skip63
) (C:\Users\Maurizio\AppData\Local\Programs\MiKTeX\tex/latex/base\textcomp.sty
Package: textcomp 2020/02/02 v2.0n Standard LaTeX package
) (C:\Users\Maurizio\AppData\Local\Programs\MiKTeX\tex/latex/makecell\makecell.sty
Package: makecell 2009/08/03 V0.1e Managing of Tab Column Heads and Cells
\rotheadsize=\dimen172
\c@nlinenum=\count308
\TeXr@lab=\toks27
) (C:\Users\Maurizio\AppData\Local\Programs\MiKTeX\tex/latex/caption\caption.sty
Package: caption 2022/03/01 v3.6b Customizing captions (AR)
 (C:\Users\Maurizio\AppData\Local\Programs\MiKTeX\tex/latex/caption\caption3.sty
Package: caption3 2022/03/17 v2.3b caption3 kernel (AR)
\caption@tempdima=\dimen173
\captionmargin=\dimen174
\caption@leftmargin=\dimen175
\caption@rightmargin=\dimen176
\caption@width=\dimen177
\caption@indent=\dimen178
\caption@parindent=\dimen179
\caption@hangindent=\dimen180
Package caption Info: Standard document class detected.
)
\c@caption@flags=\count309
\c@continuedfloat=\count310
Package caption Info: hyperref package is loaded.
Package caption Info: listings package is loaded.
) (C:\Users\Maurizio\AppData\Local\Programs\MiKTeX\tex/latex/pdfpages\pdfpages.sty
Package: pdfpages 2022/01/29 v0.5u Insert pages of external PDF documents (AM)
 (C:\Users\Maurizio\AppData\Local\Programs\MiKTeX\tex/latex/base\ifthen.sty
Package: ifthen 2020/11/24 v1.1c Standard LaTeX ifthen package (DPC)
) (C:\Users\Maurizio\AppData\Local\Programs\MiKTeX\tex/latex/tools\calc.sty
Package: calc 2017/05/25 v4.3 Infix arithmetic (KKT,FJ)
\calc@Acount=\count311
\calc@Bcount=\count312
\calc@Adimen=\dimen181
\calc@Bdimen=\dimen182
\calc@Askip=\skip64
\calc@Bskip=\skip65
LaTeX Info: Redefining \setlength on input line 80.
LaTeX Info: Redefining \addtolength on input line 81.
\calc@Ccount=\count313
\calc@Cskip=\skip66
) (C:\Users\Maurizio\AppData\Local\Programs\MiKTeX\tex/latex/eso-pic\eso-pic.sty
Package: eso-pic 2020/10/14 v3.0a eso-pic (RN)
\ESO@tempdima=\dimen183
\ESO@tempdimb=\dimen184
 (C:\Users\Maurizio\AppData\Local\Programs\MiKTeX\tex/latex/xcolor\xcolor.sty
Package: xcolor 2021/10/31 v2.13 LaTeX color extensions (UK)
 (C:\Users\Maurizio\AppData\Local\Programs\MiKTeX\tex/latex/graphics-cfg\color.cfg
File: color.cfg 2016/01/02 v1.6 sample color configuration
)
Package xcolor Info: Driver file: pdftex.def on input line 227.
 (C:\Users\Maurizio\AppData\Local\Programs\MiKTeX\tex/latex/graphics-def\pdftex.def
File: pdftex.def 2020/10/05 v1.2a Graphics/color driver for pdftex
)
Package xcolor Info: Model `cmy' substituted by `cmy0' on input line 1352.
Package xcolor Info: Model `hsb' substituted by `rgb' on input line 1356.
Package xcolor Info: Model `RGB' extended on input line 1368.
Package xcolor Info: Model `HTML' substituted by `rgb' on input line 1370.
Package xcolor Info: Model `Hsb' substituted by `hsb' on input line 1371.
Package xcolor Info: Model `tHsb' substituted by `hsb' on input line 1372.
Package xcolor Info: Model `HSB' substituted by `hsb' on input line 1373.
Package xcolor Info: Model `Gray' substituted by `gray' on input line 1374.
Package xcolor Info: Model `wave' substituted by `hsb' on input line 1375.
)) (C:\Users\Maurizio\AppData\Local\Programs\MiKTeX\tex/latex/graphics\graphicx.sty
Package: graphicx 2021/09/16 v1.2d Enhanced LaTeX Graphics (DPC,SPQR)
 (C:\Users\Maurizio\AppData\Local\Programs\MiKTeX\tex/latex/graphics\graphics.sty
Package: graphics 2021/03/04 v1.4d Standard LaTeX Graphics (DPC,SPQR)
 (C:\Users\Maurizio\AppData\Local\Programs\MiKTeX\tex/latex/graphics\trig.sty
Package: trig 2021/08/11 v1.11 sin cos tan (DPC)
) (C:\Users\Maurizio\AppData\Local\Programs\MiKTeX\tex/latex/graphics-cfg\graphics.cfg
File: graphics.cfg 2016/06/04 v1.11 sample graphics configuration
)
Package graphics Info: Driver file: pdftex.def on input line 107.
)
\Gin@req@height=\dimen185
\Gin@req@width=\dimen186
)
\AM@pagewidth=\dimen187
\AM@pageheight=\dimen188
\AM@fboxrule=\dimen189
 (C:\Users\Maurizio\AppData\Local\Programs\MiKTeX\tex/latex/pdfpages\pppdftex.def
File: pppdftex.def 2022/01/29 v0.5u Pdfpages driver for pdfTeX (AM)
)
\pdfpages@includegraphics@status=\count314
\AM@pagebox=\box64
\AM@global@opts=\toks28
\AM@pagecnt=\count315
\AM@toc@title=\toks29
\c@AM@survey=\count316
\AM@templatesizebox=\box65
) (C:\Users\Maurizio\AppData\Local\Programs\MiKTeX\tex/latex/tools\multicol.sty
Package: multicol 2021/10/28 v1.9b multicolumn formatting (FMi)
\c@tracingmulticols=\count317
\mult@box=\box66
\multicol@leftmargin=\dimen190
\c@unbalance=\count318
\c@collectmore=\count319
\doublecol@number=\count320
\multicoltolerance=\count321
\multicolpretolerance=\count322
\full@width=\dimen191
\page@free=\dimen192
\premulticols=\dimen193
\postmulticols=\dimen194
\multicolsep=\skip67
\multicolbaselineskip=\skip68
\partial@page=\box67
\last@line=\box68
\maxbalancingoverflow=\dimen195
\mult@rightbox=\box69
\mult@grightbox=\box70
\mult@firstbox=\box71
\mult@gfirstbox=\box72
\@tempa=\box73
\@tempa=\box74
\@tempa=\box75
\@tempa=\box76
\@tempa=\box77
\@tempa=\box78
\@tempa=\box79
\@tempa=\box80
\@tempa=\box81
\@tempa=\box82
\@tempa=\box83
\@tempa=\box84
\@tempa=\box85
\@tempa=\box86
\@tempa=\box87
\@tempa=\box88
\@tempa=\box89
\@tempa=\box90
\@tempa=\box91
\@tempa=\box92
\@tempa=\box93
\@tempa=\box94
\@tempa=\box95
\@tempa=\box96
\@tempa=\box97
\@tempa=\box98
\@tempa=\box99
\@tempa=\box100
\@tempa=\box101
\@tempa=\box102
\@tempa=\box103
\@tempa=\box104
\@tempa=\box105
\@tempa=\box106
\@tempa=\box107
\@tempa=\box108
\c@minrows=\count323
\c@columnbadness=\count324
\c@finalcolumnbadness=\count325
\last@try=\dimen196
\multicolovershoot=\dimen197
\multicolundershoot=\dimen198
\mult@nat@firstbox=\box109
\colbreak@box=\box110
\mc@col@check@num=\count326
) (C:\Users\Maurizio\AppData\Local\Programs\MiKTeX\tex/latex/algorithm2e\algorithm2e.sty
Package: algorithm2e 2017/07/18 v5.2 algorithms environments
\c@AlgoLine=\count327
\algocf@hangindent=\skip69
 (C:\Users\Maurizio\AppData\Local\Programs\MiKTeX\tex/latex/ifoddpage\ifoddpage.sty
Package: ifoddpage 2016/04/23 v1.1 Conditionals for odd/even page detection
\c@checkoddpage=\count328
) (C:\Users\Maurizio\AppData\Local\Programs\MiKTeX\tex/latex/tools\xspace.sty
Package: xspace 2014/10/28 v1.13 Space after command names (DPC,MH)
) (C:\Users\Maurizio\AppData\Local\Programs\MiKTeX\tex/latex/relsize\relsize.sty
Package: relsize 2013/03/29 ver 4.1
)
\skiptotal=\skip70
\skiplinenumber=\skip71
\skiprule=\skip72
\skiphlne=\skip73
\skiptext=\skip74
\skiplength=\skip75
\algomargin=\skip76
\skipalgocfslide=\skip77
\algowidth=\dimen199
\inoutsize=\dimen256
\inoutindent=\dimen257
\interspacetitleruled=\dimen258
\interspacealgoruled=\dimen259
\interspacetitleboxruled=\dimen260
\algocf@ruledwidth=\skip78
\algocf@inoutbox=\box111
\algocf@inputbox=\box112
\AlCapSkip=\skip79
\AlCapHSkip=\skip80
\algoskipindent=\skip81
\algocf@nlbox=\box113
\algocf@hangingbox=\box114
\algocf@untilbox=\box115
\algocf@skipuntil=\skip82
\algocf@capbox=\box116
\algocf@lcaptionbox=\skip83
\algoheightruledefault=\skip84
\algoheightrule=\skip85
\algotitleheightruledefault=\skip86
\algotitleheightrule=\skip87
\c@algocfline=\count329
\c@algocfproc=\count330
\c@algocf=\count331
\algocf@algoframe=\box117
\algocf@algobox=\box118
) (C:\Users\Maurizio\AppData\Local\Programs\MiKTeX\tex/generic/soul\soul.sty
Package: soul 2003/11/17 v2.4 letterspacing/underlining (mf)
\SOUL@word=\toks30
\SOUL@lasttoken=\toks31
\SOUL@cmds=\toks32
\SOUL@buffer=\toks33
\SOUL@token=\toks34
\SOUL@spaceskip=\skip88
\SOUL@ttwidth=\dimen261
\SOUL@uldp=\dimen262
\SOUL@ulht=\dimen263
) (C:\Users\Maurizio\AppData\Local\Programs\MiKTeX\tex/latex/appendix\appendix.sty
Package: appendix 2020/02/08 v1.2c extra appendix facilities
\c@@pps=\count332
\c@@ppsavesec=\count333
\c@@ppsaveapp=\count334
) (C:\Users\Maurizio\AppData\Local\Programs\MiKTeX\tex/latex/float\float.sty
Package: float 2001/11/08 v1.3d Float enhancements (AL)
\c@float@type=\count335
\float@exts=\toks35
\float@box=\box119
\@float@everytoks=\toks36
\@floatcapt=\box120
) (C:\Users\Maurizio\AppData\Local\Programs\MiKTeX\tex/latex/wrapfig\wrapfig.sty
\wrapoverhang=\dimen264
\WF@size=\dimen265
\c@WF@wrappedlines=\count336
\WF@box=\box121
\WF@everypar=\toks37
Package: wrapfig 2003/01/31  v 3.6
) (C:\Users\Maurizio\AppData\Local\Programs\MiKTeX\tex/latex/braket\braket.sty) (C:\Users\Maurizio\AppData\Local\Programs\MiKTeX\tex/latex/mathtools\mathtools.sty
Package: mathtools 2022/02/07 v1.28a mathematical typesetting tools
 (C:\Users\Maurizio\AppData\Local\Programs\MiKTeX\tex/latex/mathtools\mhsetup.sty
Package: mhsetup 2021/03/18 v1.4 programming setup (MH)
)
\g_MT_multlinerow_int=\count337
\l_MT_multwidth_dim=\dimen266
\origjot=\skip89
\l_MT_shortvdotswithinadjustabove_dim=\dimen267
\l_MT_shortvdotswithinadjustbelow_dim=\dimen268
\l_MT_above_intertext_sep=\dimen269
\l_MT_below_intertext_sep=\dimen270
\l_MT_above_shortintertext_sep=\dimen271
\l_MT_below_shortintertext_sep=\dimen272
\xmathstrut@box=\box122
\xmathstrut@dim=\dimen273
) (C:\Users\Maurizio\AppData\Local\Programs\MiKTeX\tex/latex/caption\subcaption.sty
Package: subcaption 2022/01/07 v1.5 Sub-captions (AR)
\c@subfigure=\count338
\c@subtable=\count339
) (C:\Users\Maurizio\AppData\Local\Programs\MiKTeX\tex/latex/tex-gyre\tgbonum.sty
Package: tgbonum 2009/09/27 v1.2 TeX Gyre Bonum as default roman family
))
LaTeX Font Info:    Trying to load font information for T1+qbk on input line 11.
 (C:\Users\Maurizio\AppData\Local\Programs\MiKTeX\tex/latex/tex-gyre\t1qbk.fd
File: t1qbk.fd 2009/09/25 v1.2 font definition file for T1/qbk
) (principal.aux

LaTeX Warning: Label `fig: SNP' multiply defined.

)
\openout1 = `principal.aux'.

LaTeX Font Info:    Checking defaults for OML/cmm/m/it on input line 11.
LaTeX Font Info:    ... okay on input line 11.
LaTeX Font Info:    Checking defaults for OMS/cmsy/m/n on input line 11.
LaTeX Font Info:    ... okay on input line 11.
LaTeX Font Info:    Checking defaults for OT1/cmr/m/n on input line 11.
LaTeX Font Info:    ... okay on input line 11.
LaTeX Font Info:    Checking defaults for T1/cmr/m/n on input line 11.
LaTeX Font Info:    ... okay on input line 11.
LaTeX Font Info:    Checking defaults for TS1/cmr/m/n on input line 11.
LaTeX Font Info:    ... okay on input line 11.
LaTeX Font Info:    Checking defaults for OMX/cmex/m/n on input line 11.
LaTeX Font Info:    ... okay on input line 11.
LaTeX Font Info:    Checking defaults for U/cmr/m/n on input line 11.
LaTeX Font Info:    ... okay on input line 11.
LaTeX Font Info:    Checking defaults for PD1/pdf/m/n on input line 11.
LaTeX Font Info:    ... okay on input line 11.
LaTeX Font Info:    Checking defaults for PU/pdf/m/n on input line 11.
LaTeX Font Info:    ... okay on input line 11.

*geometry* driver: auto-detecting
*geometry* detected driver: pdftex
*geometry* verbose mode - [ preamble ] result:
* driver: pdftex
* paper: a4paper
* layout: <same size as paper>
* layoutoffset:(h,v)=(0.0pt,0.0pt)
* modes: 
* h-part:(L,W,R)=(81.94394pt, 433.62pt, 81.94394pt)
* v-part:(T,H,B)=(106.75473pt, 578.15999pt, 160.13213pt)
* \paperwidth=597.50787pt
* \paperheight=845.04684pt
* \textwidth=433.62pt
* \textheight=578.15999pt
* \oddsidemargin=9.67395pt
* \evensidemargin=9.67395pt
* \topmargin=4.41725pt
* \headheight=12.0pt
* \headsep=18.06749pt
* \topskip=10.0pt
* \footskip=25.29494pt
* \marginparwidth=69.0pt
* \marginparsep=7.0pt
* \columnsep=10.0pt
* \skip\footins=9.0pt plus 4.0pt minus 2.0pt
* \hoffset=0.0pt
* \voffset=0.0pt
* \mag=1000
* \@twocolumnfalse
* \@twosidefalse
* \@mparswitchfalse
* \@reversemarginfalse
* (1in=72.27pt=25.4mm, 1cm=28.453pt)

\c@lstlisting=\count340
Package hyperref Info: Link coloring OFF on input line 11.
(C:\Users\Maurizio\AppData\Local\Programs\MiKTeX\tex/latex/hyperref\nameref.sty
Package: nameref 2021-04-02 v2.47 Cross-referencing by name of section
 (C:\Users\Maurizio\AppData\Local\Programs\MiKTeX\tex/latex/refcount\refcount.sty
Package: refcount 2019/12/15 v3.6 Data extraction from label references (HO)
) (C:\Users\Maurizio\AppData\Local\Programs\MiKTeX\tex/generic/gettitlestring\gettitlestring.sty
Package: gettitlestring 2019/12/15 v1.6 Cleanup title references (HO)
)
\c@section@level=\count341
)
LaTeX Info: Redefining \ref on input line 11.
LaTeX Info: Redefining \pageref on input line 11.
LaTeX Info: Redefining \nameref on input line 11.
 (principal.out) (principal.out)
\@outlinefile=\write3
\openout3 = `principal.out'.

 (C:\Users\Maurizio\AppData\Local\Programs\MiKTeX\tex/latex/translations/dicts\translations-basic-dictionary-english.trsl
File: translations-basic-dictionary-english.trsl (english translation file `translations-basic-dictionary')
)
Package translations Info: loading dictionary `translations-basic-dictionary' for `english'. on input line 11.
Package caption Info: Begin \AtBeginDocument code.
Package caption Info: float package is loaded.
Package caption Info: wrapfig package is loaded.
Package caption Info: End \AtBeginDocument code.
 (C:\Users\Maurizio\AppData\Local\Programs\MiKTeX\tex/context/base/mkii\supp-pdf.mkii
[Loading MPS to PDF converter (version 2006.09.02).]
\scratchcounter=\count342
\scratchdimen=\dimen274
\scratchbox=\box123
\nofMPsegments=\count343
\nofMParguments=\count344
\everyMPshowfont=\toks38
\MPscratchCnt=\count345
\MPscratchDim=\dimen275
\MPnumerator=\count346
\makeMPintoPDFobject=\count347
\everyMPtoPDFconversion=\toks39
) (C:\Users\Maurizio\AppData\Local\Programs\MiKTeX\tex/latex/epstopdf-pkg\epstopdf-base.sty
Package: epstopdf-base 2020-01-24 v2.11 Base part for package epstopdf
Package epstopdf-base Info: Redefining graphics rule for `.eps' on input line 485.
 (C:\Users\Maurizio\AppData\Local\Programs\MiKTeX\tex/latex/00miktex\epstopdf-sys.cfg
File: epstopdf-sys.cfg 2021/03/18 v2.0 Configuration of epstopdf for MiKTeX
)) (C:\Users\Maurizio\AppData\Local\Programs\MiKTeX\tex/latex/pdflscape\pdflscape.sty
Package: pdflscape 2019/12/05 v0.12 Display of landscape pages in PDF (HO)
 (C:\Users\Maurizio\AppData\Local\Programs\MiKTeX\tex/latex/graphics\lscape.sty
Package: lscape 2020/05/28 v3.02 Landscape Pages (DPC)
)
Package pdflscape Info: Auto-detected driver: pdftex on input line 81.
)
LaTeX Font Info:    Trying to load font information for U+msa on input line 13.
 (C:\Users\Maurizio\AppData\Local\Programs\MiKTeX\tex/latex/amsfonts\umsa.fd
File: umsa.fd 2013/01/14 v3.01 AMS symbols A
)
LaTeX Font Info:    Trying to load font information for U+msb on input line 13.
 (C:\Users\Maurizio\AppData\Local\Programs\MiKTeX\tex/latex/amsfonts\umsb.fd
File: umsb.fd 2013/01/14 v3.01 AMS symbols B
) [1


{C:/Users/Maurizio/AppData/Local/MiKTeX/fonts/map/pdftex/pdftex.map}] (principal.toc
pdfTeX warning (ext4): destination with the same identifier (name{page.1}) has been already used, duplicate ignored
<to be read again> 
                   \relax 
l.45 ...3.1.2}Session Files}{43}{subsection.3.1.2}
                                                  % [1

])
\tf@toc=\write4
\openout4 = `principal.toc'.

 (chapters/basics.tex [2]
Chapter 1.
<chapters/ThebasicsImages//image1.jpeg, id=281, 666.99188pt x 593.96906pt>
File: chapters/ThebasicsImages//image1.jpeg Graphic file (type jpg)
<use chapters/ThebasicsImages//image1.jpeg>
Package pdftex.def Info: chapters/ThebasicsImages//image1.jpeg  used on input line 8.
(pdftex.def)             Requested size: 312.58043pt x 279.17456pt.
<chapters/ThebasicsImages//image2.jpeg, id=282, 324.46219pt x 410.2828pt>
File: chapters/ThebasicsImages//image2.jpeg Graphic file (type jpg)
<use chapters/ThebasicsImages//image2.jpeg>
Package pdftex.def Info: chapters/ThebasicsImages//image2.jpeg  used on input line 22.
(pdftex.def)             Requested size: 142.96182pt x 180.85052pt.
[3

 <./chapters/ThebasicsImages//image1.jpeg>]
LaTeX Font Info:    Trying to load font information for TS1+qbk on input line 32.
 (C:\Users\Maurizio\AppData\Local\Programs\MiKTeX\tex/latex/tex-gyre\ts1qbk.fd
File: ts1qbk.fd 2009/09/25 v1.2 font definition file for TS1/qbk
)
<chapters/ThebasicsImages//image3.jpeg, id=290, 462.22687pt x 356.83313pt>
File: chapters/ThebasicsImages//image3.jpeg Graphic file (type jpg)
<use chapters/ThebasicsImages//image3.jpeg>
Package pdftex.def Info: chapters/ThebasicsImages//image3.jpeg  used on input line 43.
(pdftex.def)             Requested size: 212.09091pt x 163.44829pt.
 [4 <./chapters/ThebasicsImages//image2.jpeg> <./chapters/ThebasicsImages//image3.jpeg>]
<chapters/ThebasicsImages//image4.jpeg, id=298, 567.62062pt x 549.55313pt>
File: chapters/ThebasicsImages//image4.jpeg Graphic file (type jpg)
<use chapters/ThebasicsImages//image4.jpeg>
Package pdftex.def Info: chapters/ThebasicsImages//image4.jpeg  used on input line 64.
(pdftex.def)             Requested size: 288.56459pt x 280.27676pt.
<chapters/ThebasicsImages//image5.jpeg, id=299, 842.39719pt x 357.58594pt>
File: chapters/ThebasicsImages//image5.jpeg Graphic file (type jpg)
<use chapters/ThebasicsImages//image5.jpeg>
Package pdftex.def Info: chapters/ThebasicsImages//image5.jpeg  used on input line 92.
(pdftex.def)             Requested size: 447.25247pt x 189.51964pt.

Overfull \hbox (28.63248pt too wide) in paragraph at lines 92--93
[][] 
 []

[5 <./chapters/ThebasicsImages//image4.jpeg>] [6 <./chapters/ThebasicsImages//image5.jpeg>]
<chapters/ThebasicsImages//image6.jpeg, id=313, 770.88pt x 261.22594pt>
File: chapters/ThebasicsImages//image6.jpeg Graphic file (type jpg)
<use chapters/ThebasicsImages//image6.jpeg>
Package pdftex.def Info: chapters/ThebasicsImages//image6.jpeg  used on input line 153.
(pdftex.def)             Requested size: 446.25204pt x 151.51512pt.

Overfull \hbox (12.63205pt too wide) in paragraph at lines 153--155
 [][]  
 []

<chapters/ThebasicsImages//image7.jpeg, id=315, 882.29625pt x 338.76563pt>
File: chapters/ThebasicsImages//image7.jpeg Graphic file (type jpg)
<use chapters/ThebasicsImages//image7.jpeg>
Package pdftex.def Info: chapters/ThebasicsImages//image7.jpeg  used on input line 172.
(pdftex.def)             Requested size: 450.04591pt x 172.77335pt.

Overfull \hbox (16.42592pt too wide) in paragraph at lines 172--174
 [][] 
 []

[7 <./chapters/ThebasicsImages//image6.jpeg>]
<chapters/ThebasicsImages//image8.png, id=321, 853.1875pt x 717.68124pt>
File: chapters/ThebasicsImages//image8.png Graphic file (type png)
<use chapters/ThebasicsImages//image8.png>
Package pdftex.def Info: chapters/ThebasicsImages//image8.png  used on input line 200.
(pdftex.def)             Requested size: 276.03287pt x 232.29091pt.
 [8 <./chapters/ThebasicsImages//image7.jpeg>]
<chapters/ThebasicsImages//image9.jpeg, id=327, 756.57657pt x 471.26062pt>
File: chapters/ThebasicsImages//image9.jpeg Graphic file (type jpg)
<use chapters/ThebasicsImages//image9.jpeg>
Package pdftex.def Info: chapters/ThebasicsImages//image9.jpeg  used on input line 223.
(pdftex.def)             Requested size: 446.87271pt x 278.04855pt.

Overfull \hbox (13.25272pt too wide) in paragraph at lines 223--227
 [][] 
 []

LaTeX Font Info:    Trying to load font information for T1+cmtt on input line 227.
(C:\Users\Maurizio\AppData\Local\Programs\MiKTeX\tex/latex/base\t1cmtt.fd
File: t1cmtt.fd 2019/12/16 v2.5j Standard LaTeX font definitions
) [9 <./chapters/ThebasicsImages//image8.png>]
<chapters/ThebasicsImages//image10.jpeg, id=338, 716.6775pt x 591.71063pt>
File: chapters/ThebasicsImages//image10.jpeg Graphic file (type jpg)
<use chapters/ThebasicsImages//image10.jpeg>
Package pdftex.def Info: chapters/ThebasicsImages//image10.jpeg  used on input line 256.
(pdftex.def)             Requested size: 444.3464pt x 366.86583pt.

Overfull \hbox (10.72641pt too wide) in paragraph at lines 256--259
 [][] 
 []

[10 <./chapters/ThebasicsImages//image9.jpeg>]
Underfull \hbox (badness 10000) in paragraph at lines 266--268

 []

<chapters/ThebasicsImages//image11.png, id=352, 938.00438pt x 60.225pt>
File: chapters/ThebasicsImages//image11.png Graphic file (type png)
<use chapters/ThebasicsImages//image11.png>
Package pdftex.def Info: chapters/ThebasicsImages//image11.png  used on input line 270.
(pdftex.def)             Requested size: 325.215pt x 20.88055pt.
<chapters/ThebasicsImages//image12.jpeg, id=353, 1026.08344pt x 275.52937pt>
File: chapters/ThebasicsImages//image12.jpeg Graphic file (type jpg)
<use chapters/ThebasicsImages//image12.jpeg>
Package pdftex.def Info: chapters/ThebasicsImages//image12.jpeg  used on input line 272.
(pdftex.def)             Requested size: 325.215pt x 87.32614pt.
[11 <./chapters/ThebasicsImages//image10.jpeg> <./chapters/ThebasicsImages//image11.png> <./chapters/ThebasicsImages//image12.jpeg>]
<chapters/ThebasicsImages//image13.png, id=359, 740.7675pt x 420.06938pt>
File: chapters/ThebasicsImages//image13.png Graphic file (type png)
<use chapters/ThebasicsImages//image13.png>
Package pdftex.def Info: chapters/ThebasicsImages//image13.png  used on input line 300.
(pdftex.def)             Requested size: 445.18733pt x 252.04358pt.

Overfull \hbox (11.56734pt too wide) in paragraph at lines 300--304
 [][] 
 []

[12 <./chapters/ThebasicsImages//image13.png>]
<chapters/ThebasicsImages//image14.png, id=367, 556.32843pt x 660.96938pt>
File: chapters/ThebasicsImages//image14.png Graphic file (type png)
<use chapters/ThebasicsImages//image14.png>
Package pdftex.def Info: chapters/ThebasicsImages//image14.png  used on input line 342.
(pdftex.def)             Requested size: 173.44534pt x 206.06831pt.
 [13 <./chapters/ThebasicsImages//image14.png>]
Underfull \hbox (badness 10000) in paragraph at lines 374--382

 []

<chapters/ThebasicsImages//image15.png, id=377, 555.57562pt x 522.45187pt>
File: chapters/ThebasicsImages//image15.png Graphic file (type png)
<use chapters/ThebasicsImages//image15.png>
Package pdftex.def Info: chapters/ThebasicsImages//image15.png  used on input line 398.
(pdftex.def)             Requested size: 281.85034pt x 265.05183pt.
[14 <./chapters/ThebasicsImages//image15.png>]
Underfull \hbox (badness 10000) in paragraph at lines 416--418

 []


Underfull \hbox (badness 10000) in paragraph at lines 420--421

 []

<chapters/ThebasicsImages//image16.png, id=386, 1232.35406pt x 306.39468pt>
File: chapters/ThebasicsImages//image16.png Graphic file (type png)
<use chapters/ThebasicsImages//image16.png>
Package pdftex.def Info: chapters/ThebasicsImages//image16.png  used on input line 447.
(pdftex.def)             Requested size: 443.36507pt x 110.302pt.

Overfull \hbox (34.7451pt too wide) in paragraph at lines 447--448
[][] 
 []

<chapters/ThebasicsImages//image17.png, id=387, 1232.35406pt x 219.06844pt>
File: chapters/ThebasicsImages//image17.png Graphic file (type png)
<use chapters/ThebasicsImages//image17.png>
Package pdftex.def Info: chapters/ThebasicsImages//image17.png  used on input line 463.
(pdftex.def)             Requested size: 444.68137pt x 78.86456pt.

Overfull \hbox (36.0614pt too wide) in paragraph at lines 463--464
[][] 
 []

[15 <./chapters/ThebasicsImages//image16.png>]
Overfull \hbox (29.2392pt too wide) in paragraph at lines 477--481
[]\T1/qbk/m/n/10 It's easy to $[]$.
 []

<chapters/ThebasicsImages//image18.jpeg, id=392, 1232.35406pt x 304.88907pt>
File: chapters/ThebasicsImages//image18.jpeg Graphic file (type jpg)
<use chapters/ThebasicsImages//image18.jpeg>
Package pdftex.def Info: chapters/ThebasicsImages//image18.jpeg  used on input line 483.
(pdftex.def)             Requested size: 445.99765pt x 109.75998pt.

Overfull \hbox (37.37769pt too wide) in paragraph at lines 483--484
[][] 
 []

[16 <./chapters/ThebasicsImages//image17.png> <./chapters/ThebasicsImages//image18.jpeg>]
<chapters/ThebasicsImages//image19.jpeg, id=403, 1038.88126pt x 715.92468pt>
File: chapters/ThebasicsImages//image19.jpeg Graphic file (type jpg)
<use chapters/ThebasicsImages//image19.jpeg>
Package pdftex.def Info: chapters/ThebasicsImages//image19.jpeg  used on input line 539.
(pdftex.def)             Requested size: 457.18843pt x 315.00783pt.

Overfull \hbox (38.56844pt too wide) in paragraph at lines 539--540
[][] 
 []

[17 <./chapters/ThebasicsImages//image19.jpeg>]
<chapters/ThebasicsImages//image20.jpeg, id=409, 469.755pt x 319.1925pt>
File: chapters/ThebasicsImages//image20.jpeg Graphic file (type jpg)
<use chapters/ThebasicsImages//image20.jpeg>
Package pdftex.def Info: chapters/ThebasicsImages//image20.jpeg  used on input line 567.
(pdftex.def)             Requested size: 281.17422pt x 191.51697pt.

Underfull \hbox (badness 10000) in paragraph at lines 574--575

 []

<chapters/ThebasicsImages//image21.jpeg, id=410, 939.51pt x 394.47375pt>
File: chapters/ThebasicsImages//image21.jpeg Graphic file (type jpg)
<use chapters/ThebasicsImages//image21.jpeg>
Package pdftex.def Info: chapters/ThebasicsImages//image21.jpeg  used on input line 577.
(pdftex.def)             Requested size: 423.32036pt x 177.51154pt.

Overfull \hbox (4.70036pt too wide) in paragraph at lines 577--578
[][] 
 []

[18 <./chapters/ThebasicsImages//image20.jpeg> <./chapters/ThebasicsImages//image21.jpeg>]
Underfull \hbox (badness 10000) in paragraph at lines 583--585

 []


Underfull \hbox (badness 10000) in paragraph at lines 586--587

 []

<chapters/ThebasicsImages//image22.jpeg, id=417, 858.20625pt x 590.205pt>
File: chapters/ThebasicsImages//image22.jpeg Graphic file (type jpg)
<use chapters/ThebasicsImages//image22.jpeg>
Package pdftex.def Info: chapters/ThebasicsImages//image22.jpeg  used on input line 589.
(pdftex.def)             Requested size: 455.20071pt x 312.81616pt.

Overfull \hbox (36.58072pt too wide) in paragraph at lines 589--590
[][] 
 []


Overfull \hbox (66.91336pt too wide) in paragraph at lines 614--621
[]\T1/qbk/m/n/10 When you align reads against a genome, you can $[]$.
 []

[19 <./chapters/ThebasicsImages//image22.jpeg>]
<chapters/ThebasicsImages//image23.jpeg, id=422, 939.51pt x 392.21532pt>
File: chapters/ThebasicsImages//image23.jpeg Graphic file (type jpg)
<use chapters/ThebasicsImages//image23.jpeg>
Package pdftex.def Info: chapters/ThebasicsImages//image23.jpeg  used on input line 631.
(pdftex.def)             Requested size: 441.65578pt x 184.34122pt.

Overfull \hbox (23.03578pt too wide) in paragraph at lines 631--632
[][] 
 []


Underfull \hbox (badness 10000) in paragraph at lines 631--632

 []


Underfull \hbox (badness 10000) in paragraph at lines 633--634

 []

<chapters/ThebasicsImages//image24.jpeg, id=423, 882.29625pt x 587.19376pt>
File: chapters/ThebasicsImages//image24.jpeg Graphic file (type jpg)
<use chapters/ThebasicsImages//image24.jpeg>
Package pdftex.def Info: chapters/ThebasicsImages//image24.jpeg  used on input line 635.
(pdftex.def)             Requested size: 449.95168pt x 299.46484pt.

Overfull \hbox (31.33168pt too wide) in paragraph at lines 635--636
[][] 
 []


Underfull \hbox (badness 10000) in paragraph at lines 635--636

 []

[20 <./chapters/ThebasicsImages//image23.jpeg>]
Underfull \hbox (badness 10000) in paragraph at lines 637--643

 []

<chapters/ThebasicsImages//image25.png, id=429, 983.17313pt x 453.19313pt>
File: chapters/ThebasicsImages//image25.png Graphic file (type png)
<use chapters/ThebasicsImages//image25.png>
Package pdftex.def Info: chapters/ThebasicsImages//image25.png  used on input line 663.
(pdftex.def)             Requested size: 441.91376pt x 203.93501pt.

Overfull \hbox (23.29376pt too wide) in paragraph at lines 663--664
[][] 
 []


Underfull \hbox (badness 10000) in paragraph at lines 663--664

 []

[21 <./chapters/ThebasicsImages//image24.jpeg>]
<chapters/ThebasicsImages//image26.jpeg, id=435, 909.3975pt x 627.84563pt>
File: chapters/ThebasicsImages//image26.jpeg Graphic file (type jpg)
<use chapters/ThebasicsImages//image26.jpeg>
Package pdftex.def Info: chapters/ThebasicsImages//image26.jpeg  used on input line 666.
(pdftex.def)             Requested size: 454.62827pt x 313.92204pt.

Overfull \hbox (36.00827pt too wide) in paragraph at lines 666--667
[][] 
 []


Underfull \hbox (badness 10000) in paragraph at lines 666--667

 []

[22 <./chapters/ThebasicsImages//image25.png> <./chapters/ThebasicsImages//image26.jpeg>]) (chapters/Genetic_Fingerprinting.tex [23]
Chapter 2.

Package hyperref Warning: Difference (2) between bookmark levels is greater 
(hyperref)                than one, level fixed on input line 23.

[24

] [25]
Underfull \hbox (badness 10000) in paragraph at lines 118--125

 []

<chapters/GeneticFingImages//LD_plot.PNG, id=461, 412.54124pt x 260.47313pt>
File: chapters/GeneticFingImages//LD_plot.PNG Graphic file (type png)
<use chapters/GeneticFingImages//LD_plot.PNG>
Package pdftex.def Info: chapters/GeneticFingImages//LD_plot.PNG  used on input line 128.
(pdftex.def)             Requested size: 411.93767pt x 260.09491pt.
[26 <./chapters/GeneticFingImages//LD_plot.PNG>]
<chapters/GeneticFingImages//SNP_number.PNG, id=470, 493.845pt x 364.86313pt>
File: chapters/GeneticFingImages//SNP_number.PNG Graphic file (type png)
<use chapters/GeneticFingImages//SNP_number.PNG>
Package pdftex.def Info: chapters/GeneticFingImages//SNP_number.PNG  used on input line 184.
(pdftex.def)             Requested size: 303.53267pt x 224.25308pt.
 [27] [28 <./chapters/GeneticFingImages//SNP_number.PNG>]
<chapters/GeneticFingImages//Distance.PNG, id=486, 508.90125pt x 356.33125pt>
File: chapters/GeneticFingImages//Distance.PNG Graphic file (type png)
<use chapters/GeneticFingImages//Distance.PNG>
Package pdftex.def Info: chapters/GeneticFingImages//Distance.PNG  used on input line 269.
(pdftex.def)             Requested size: 303.53267pt x 212.53897pt.
 [29 <./chapters/GeneticFingImages//Distance.PNG>]
<chapters/GeneticFingImages//Distance2.PNG, id=493, 511.9125pt x 367.3725pt>
File: chapters/GeneticFingImages//Distance2.PNG Graphic file (type png)
<use chapters/GeneticFingImages//Distance2.PNG>
Package pdftex.def Info: chapters/GeneticFingImages//Distance2.PNG  used on input line 284.
(pdftex.def)             Requested size: 303.53267pt x 217.82977pt.
<chapters/GeneticFingImages//Distance3.PNG, id=495, 430.10687pt x 358.84062pt>
File: chapters/GeneticFingImages//Distance3.PNG Graphic file (type png)
<use chapters/GeneticFingImages//Distance3.PNG>
Package pdftex.def Info: chapters/GeneticFingImages//Distance3.PNG  used on input line 310.
(pdftex.def)             Requested size: 303.53267pt x 253.24548pt.
 [30 <./chapters/GeneticFingImages//Distance2.PNG>]
<chapters/GeneticFingImages//Selected_SNP.PNG, id=505, 510.90875pt x 412.54124pt>
File: chapters/GeneticFingImages//Selected_SNP.PNG Graphic file (type png)
<use chapters/GeneticFingImages//Selected_SNP.PNG>
Package pdftex.def Info: chapters/GeneticFingImages//Selected_SNP.PNG  used on input line 361.
(pdftex.def)             Requested size: 303.53267pt x 245.09055pt.
 [31 <./chapters/GeneticFingImages//Distance3.PNG>] [32 <./chapters/GeneticFingImages//Selected_SNP.PNG>]
<chapters/GeneticFingImages//Prob_test.PNG, id=521, 505.89pt x 352.81813pt>
File: chapters/GeneticFingImages//Prob_test.PNG Graphic file (type png)
<use chapters/GeneticFingImages//Prob_test.PNG>
Package pdftex.def Info: chapters/GeneticFingImages//Prob_test.PNG  used on input line 438.
(pdftex.def)             Requested size: 303.53267pt x 211.6925pt.
 [33] [34 <./chapters/GeneticFingImages//Prob_test.PNG>]
<chapters/GeneticFingImages//cell_lines_1.PNG, id=537, 430.60875pt x 248.93pt>
File: chapters/GeneticFingImages//cell_lines_1.PNG Graphic file (type png)
<use chapters/GeneticFingImages//cell_lines_1.PNG>
Package pdftex.def Info: chapters/GeneticFingImages//cell_lines_1.PNG  used on input line 520.
(pdftex.def)             Requested size: 216.81pt x 125.3383pt.
<chapters/GeneticFingImages//cell_lines_2.PNG, id=538, 424.58624pt x 253.94875pt>
File: chapters/GeneticFingImages//cell_lines_2.PNG Graphic file (type png)
<use chapters/GeneticFingImages//cell_lines_2.PNG>
Package pdftex.def Info: chapters/GeneticFingImages//cell_lines_2.PNG  used on input line 520.
(pdftex.def)             Requested size: 216.81pt x 129.67488pt.
 [35 <./chapters/GeneticFingImages//cell_lines_1.PNG> <./chapters/GeneticFingImages//cell_lines_2.PNG>]
<chapters/GeneticFingImages//trios.PNG, id=546, 530.48187pt x 395.4775pt>
File: chapters/GeneticFingImages//trios.PNG Graphic file (type png)
<use chapters/GeneticFingImages//trios.PNG>
Package pdftex.def Info: chapters/GeneticFingImages//trios.PNG  used on input line 544.
(pdftex.def)             Requested size: 303.53267pt x 226.28745pt.
 [36 <./chapters/GeneticFingImages//trios.PNG>] [37]
<chapters/GeneticFingImages//PCA.PNG, id=562, 532.99126pt x 398.99063pt>
File: chapters/GeneticFingImages//PCA.PNG Graphic file (type png)
<use chapters/GeneticFingImages//PCA.PNG>
Package pdftex.def Info: chapters/GeneticFingImages//PCA.PNG  used on input line 634.
(pdftex.def)             Requested size: 303.53267pt x 227.2261pt.
<chapters/GeneticFingImages//PCA_swiss.PNG, id=563, 524.45938pt x 395.97937pt>
File: chapters/GeneticFingImages//PCA_swiss.PNG Graphic file (type png)
<use chapters/GeneticFingImages//PCA_swiss.PNG>
Package pdftex.def Info: chapters/GeneticFingImages//PCA_swiss.PNG  used on input line 652.
(pdftex.def)             Requested size: 303.53267pt x 229.17879pt.
) (chapters/IGV.tex [38 <./chapters/GeneticFingImages//PCA.PNG>] [39 <./chapters/GeneticFingImages//PCA_swiss.PNG>]
Chapter 3.
<chapters/IGVimages//usagesIGV.PNG, id=578, 700.11563pt x 397.485pt>
File: chapters/IGVimages//usagesIGV.PNG Graphic file (type png)
<use chapters/IGVimages//usagesIGV.PNG>
Package pdftex.def Info: chapters/IGVimages//usagesIGV.PNG  used on input line 18.
(pdftex.def)             Requested size: 260.17464pt x 147.71611pt.

Overfull \hbox (14.67653pt too wide) in paragraph at lines 22--34
\T1/qbk/m/n/10 tive ex-plo-ration of large, in-te-grated ge-nomic datasets. It sup-ports a $[]$,
 []

[40

 <./chapters/IGVimages//usagesIGV.PNG>]
<chapters/IGVimages//IGVview.PNG, id=587, 355.82938pt x 245.41687pt>
File: chapters/IGVimages//IGVview.PNG Graphic file (type png)
<use chapters/IGVimages//IGVview.PNG>
Package pdftex.def Info: chapters/IGVimages//IGVview.PNG  used on input line 60.
(pdftex.def)             Requested size: 303.53267pt x 209.35426pt.
<chapters/IGVimages//Tiles.PNG, id=588, 551.05875pt x 346.79562pt>
File: chapters/IGVimages//Tiles.PNG Graphic file (type png)
<use chapters/IGVimages//Tiles.PNG>
Package pdftex.def Info: chapters/IGVimages//Tiles.PNG  used on input line 66.
(pdftex.def)             Requested size: 260.17464pt x 163.74008pt.
<chapters/IGVimages//TileView.PNG, id=589, 412.03937pt x 340.27126pt>
File: chapters/IGVimages//TileView.PNG Graphic file (type png)
<use chapters/IGVimages//TileView.PNG>
Package pdftex.def Info: chapters/IGVimages//TileView.PNG  used on input line 72.
(pdftex.def)             Requested size: 260.17464pt x 214.86008pt.
<chapters/IGVimages//IGVReadsView.PNG, id=590, 722.19812pt x 376.40625pt>
File: chapters/IGVimages//IGVReadsView.PNG Graphic file (type png)
<use chapters/IGVimages//IGVReadsView.PNG>
Package pdftex.def Info: chapters/IGVimages//IGVReadsView.PNG  used on input line 78.
(pdftex.def)             Requested size: 260.17464pt x 135.59804pt.
 [41 <./chapters/IGVimages//IGVview.PNG> <./chapters/IGVimages//Tiles.PNG>]
<chapters/IGVimages//igvtools.PNG, id=600, 446.16687pt x 188.705pt>
File: chapters/IGVimages//igvtools.PNG Graphic file (type png)
<use chapters/IGVimages//igvtools.PNG>
Package pdftex.def Info: chapters/IGVimages//igvtools.PNG  used on input line 89.
(pdftex.def)             Requested size: 260.17464pt x 110.04211pt.
 [42 <./chapters/IGVimages//TileView.PNG> <./chapters/IGVimages//IGVReadsView.PNG>]
<chapters/IGVimages//structureXMLfile.PNG, id=610, 495.8525pt x 327.72438pt>
File: chapters/IGVimages//structureXMLfile.PNG Graphic file (type png)
<use chapters/IGVimages//structureXMLfile.PNG>
Package pdftex.def Info: chapters/IGVimages//structureXMLfile.PNG  used on input line 100.
(pdftex.def)             Requested size: 325.215pt x 214.94357pt.
<chapters/IGVimages//RNAseqAlign.PNG, id=611, 380.92313pt x 110.4125pt>
File: chapters/IGVimages//RNAseqAlign.PNG Graphic file (type png)
<use chapters/IGVimages//RNAseqAlign.PNG>
Package pdftex.def Info: chapters/IGVimages//RNAseqAlign.PNG  used on input line 115.
(pdftex.def)             Requested size: 260.17464pt x 75.41476pt.
 [43 <./chapters/IGVimages//igvtools.PNG> <./chapters/IGVimages//structureXMLfile.PNG>]
<chapters/IGVimages//sashamiplot.PNG, id=620, 409.02812pt x 161.60374pt>
File: chapters/IGVimages//sashamiplot.PNG Graphic file (type png)
<use chapters/IGVimages//sashamiplot.PNG>
Package pdftex.def Info: chapters/IGVimages//sashamiplot.PNG  used on input line 123.
(pdftex.def)             Requested size: 260.17464pt x 102.7997pt.
<chapters/IGVimages//variantsView.PNG, id=621, 728.22063pt x 274.52562pt>
File: chapters/IGVimages//variantsView.PNG Graphic file (type png)
<use chapters/IGVimages//variantsView.PNG>
Package pdftex.def Info: chapters/IGVimages//variantsView.PNG  used on input line 131.
(pdftex.def)             Requested size: 260.17464pt x 98.07933pt.
<chapters/IGVimages//pos1.PNG, id=622, 533.49312pt x 235.37938pt>
File: chapters/IGVimages//pos1.PNG Graphic file (type png)
<use chapters/IGVimages//pos1.PNG>
Package pdftex.def Info: chapters/IGVimages//pos1.PNG  used on input line 147.
(pdftex.def)             Requested size: 260.17464pt x 114.79457pt.
 [44 <./chapters/IGVimages//RNAseqAlign.PNG> <./chapters/IGVimages//sashamiplot.PNG> <./chapters/IGVimages//variantsView.PNG>]
<chapters/IGVimages//pos2.PNG, id=633, 269.50688pt x 280.54813pt>
File: chapters/IGVimages//pos2.PNG Graphic file (type png)
<use chapters/IGVimages//pos2.PNG>
Package pdftex.def Info: chapters/IGVimages//pos2.PNG  used on input line 153.
(pdftex.def)             Requested size: 238.49231pt x 248.2658pt.
<chapters/IGVimages//cov3.PNG, id=634, 404.51125pt x 40.15pt>
File: chapters/IGVimages//cov3.PNG Graphic file (type png)
<use chapters/IGVimages//cov3.PNG>
Package pdftex.def Info: chapters/IGVimages//cov3.PNG  used on input line 160.
(pdftex.def)             Requested size: 260.17464pt x 25.82394pt.
<chapters/IGVimages//pos3.PNG, id=635, 681.54625pt x 241.90375pt>
File: chapters/IGVimages//pos3.PNG Graphic file (type png)
<use chapters/IGVimages//pos3.PNG>
Package pdftex.def Info: chapters/IGVimages//pos3.PNG  used on input line 164.
(pdftex.def)             Requested size: 260.17464pt x 92.34517pt.
<chapters/IGVimages//pos3passages.jpg, id=636, 1473.505pt x 743.77875pt>
File: chapters/IGVimages//pos3passages.jpg Graphic file (type jpg)
<use chapters/IGVimages//pos3passages.jpg>
Package pdftex.def Info: chapters/IGVimages//pos3passages.jpg  used on input line 169.
(pdftex.def)             Requested size: 260.17464pt x 131.32083pt.
 [45 <./chapters/IGVimages//pos1.PNG> <./chapters/IGVimages//pos2.PNG>]) (chapters/tumor_evolution.tex [46 <./chapters/IGVimages//cov3.PNG> <./chapters/IGVimages//pos3.PNG> <./chapters/IGVimages//pos3passages.jpg>]
Chapter 4.
[47

] [48] [49] [50]
<chapters/TumorEvAndVesciclesImages//image_01.jpg, id=672, 303.534pt x 433.62pt>
File: chapters/TumorEvAndVesciclesImages//image_01.jpg Graphic file (type jpg)
<use chapters/TumorEvAndVesciclesImages//image_01.jpg>
Package pdftex.def Info: chapters/TumorEvAndVesciclesImages//image_01.jpg  used on input line 166.
(pdftex.def)             Requested size: 303.53325pt x 433.61894pt.
 [51]
<chapters/TumorEvAndVesciclesImages//image_02.jpg, id=678, 325.215pt x 189.70876pt>
File: chapters/TumorEvAndVesciclesImages//image_02.jpg Graphic file (type jpg)
<use chapters/TumorEvAndVesciclesImages//image_02.jpg>
Package pdftex.def Info: chapters/TumorEvAndVesciclesImages//image_02.jpg  used on input line 175.
(pdftex.def)             Requested size: 325.2142pt x 189.70828pt.
 [52 <./chapters/TumorEvAndVesciclesImages//image_01.jpg>]
<chapters/TumorEvAndVesciclesImages//image_03.jpg, id=684, 426.09187pt x 277.035pt>
File: chapters/TumorEvAndVesciclesImages//image_03.jpg Graphic file (type jpg)
<use chapters/TumorEvAndVesciclesImages//image_03.jpg>
Package pdftex.def Info: chapters/TumorEvAndVesciclesImages//image_03.jpg  used on input line 198.
(pdftex.def)             Requested size: 426.09082pt x 277.03432pt.
 [53 <./chapters/TumorEvAndVesciclesImages//image_02.jpg>]
<chapters/TumorEvAndVesciclesImages//image_04.png, id=690, 270.25969pt x 361.35pt>
File: chapters/TumorEvAndVesciclesImages//image_04.png Graphic file (type png)
<use chapters/TumorEvAndVesciclesImages//image_04.png>
Package pdftex.def Info: chapters/TumorEvAndVesciclesImages//image_04.png  used on input line 219.
(pdftex.def)             Requested size: 270.25902pt x 361.34912pt.
 [54 <./chapters/TumorEvAndVesciclesImages//image_03.jpg>]) (chapters/TumorEvolutionStudiesII.tex [55 <./chapters/TumorEvAndVesciclesImages//image_04.png>]
Chapter 5.
<chapters/TumorEvStudiesIIImages//image1.png, id=704, 299.1175pt x 370.38374pt>
File: chapters/TumorEvStudiesIIImages//image1.png Graphic file (type png)
<use chapters/TumorEvStudiesIIImages//image1.png>
Package pdftex.def Info: chapters/TumorEvStudiesIIImages//image1.png  used on input line 21.
(pdftex.def)             Requested size: 171.79495pt x 212.74858pt.
[56

 <./chapters/TumorEvStudiesIIImages//image1.png>]
<chapters/TumorEvStudiesIIImages//image2.png, id=710, 523.9575pt x 400.49625pt>
File: chapters/TumorEvStudiesIIImages//image2.png Graphic file (type png)
<use chapters/TumorEvStudiesIIImages//image2.png>
Package pdftex.def Info: chapters/TumorEvStudiesIIImages//image2.png  used on input line 48.
(pdftex.def)             Requested size: 250.68126pt x 191.61879pt.

Overfull \hbox (16.71994pt too wide) in paragraph at lines 48--50
[][]\T1/qbk/m/n/10 We have losses and gain of DNA copies,
 []

<chapters/TumorEvStudiesIIImages//image3.png, id=711, 522.95375pt x 401.5pt>
File: chapters/TumorEvStudiesIIImages//image3.png Graphic file (type png)
<use chapters/TumorEvStudiesIIImages//image3.png>
Package pdftex.def Info: chapters/TumorEvStudiesIIImages//image3.png  used on input line 71.
(pdftex.def)             Requested size: 196.68968pt x 151.01547pt.
[57 <./chapters/TumorEvStudiesIIImages//image2.png>]
<chapters/TumorEvStudiesIIImages//image4.png, id=717, 328.22626pt x 227.85126pt>
File: chapters/TumorEvStudiesIIImages//image4.png Graphic file (type png)
<use chapters/TumorEvStudiesIIImages//image4.png>
Package pdftex.def Info: chapters/TumorEvStudiesIIImages//image4.png  used on input line 94.
(pdftex.def)             Requested size: 230.44295pt x 159.9711pt.
 [58 <./chapters/TumorEvStudiesIIImages//image3.png> <./chapters/TumorEvStudiesIIImages//image4.png>]
<chapters/TumorEvStudiesIIImages//image5.png, id=724, 216.81pt x 218.8175pt>
File: chapters/TumorEvStudiesIIImages//image5.png Graphic file (type png)
<use chapters/TumorEvStudiesIIImages//image5.png>
Package pdftex.def Info: chapters/TumorEvStudiesIIImages//image5.png  used on input line 129.
(pdftex.def)             Requested size: 172.1514pt x 173.75206pt.
<chapters/TumorEvStudiesIIImages//image6.png, id=725, 364.36125pt x 240.9pt>
File: chapters/TumorEvStudiesIIImages//image6.png Graphic file (type png)
<use chapters/TumorEvStudiesIIImages//image6.png>
Package pdftex.def Info: chapters/TumorEvStudiesIIImages//image6.png  used on input line 143.
(pdftex.def)             Requested size: 190.35849pt x 125.82008pt.

Overfull \hbox (27.65814pt too wide) in paragraph at lines 143--148
[][]\T1/qbk/m/n/10 If we do that in large datasets (lung can-cer melanoma,
 []

[59 <./chapters/TumorEvStudiesIIImages//image5.png> <./chapters/TumorEvStudiesIIImages//image6.png>] [60]

Package hyperref Warning: Token not allowed in a PDF string (Unicode):
(hyperref)                removing `math shift' on input line 221.


Package hyperref Warning: Token not allowed in a PDF string (Unicode):
(hyperref)                removing `\mathop' on input line 221.


Package hyperref Warning: Token not allowed in a PDF string (Unicode):
(hyperref)                removing `\mathgroup' on input line 221.


Package hyperref Warning: Token not allowed in a PDF string (Unicode):
(hyperref)                removing `\symoperators' on input line 221.


Package hyperref Warning: Token not allowed in a PDF string (Unicode):
(hyperref)                removing `\@ifnextchar' on input line 221.


Package hyperref Warning: Token not allowed in a PDF string (Unicode):
(hyperref)                removing `subscript' on input line 221.


Package hyperref Warning: Token not allowed in a PDF string (Unicode):
(hyperref)                removing `\begingroup' on input line 221.


Package hyperref Warning: Token not allowed in a PDF string (Unicode):
(hyperref)                removing `\endgroup' on input line 221.


Package hyperref Warning: Token not allowed in a PDF string (Unicode):
(hyperref)                removing `\@@over' on input line 221.


Package hyperref Warning: Token not allowed in a PDF string (Unicode):
(hyperref)                removing `math shift' on input line 221.

<chapters/TumorEvStudiesIIImages//image7.png, id=737, 286.06876pt x 408.52625pt>
File: chapters/TumorEvStudiesIIImages//image7.png Graphic file (type png)
<use chapters/TumorEvStudiesIIImages//image7.png>
Package pdftex.def Info: chapters/TumorEvStudiesIIImages//image7.png  used on input line 246.
(pdftex.def)             Requested size: 274.57922pt x 392.13712pt.

Package fancyhdr Warning: \headheight is too small (12.0pt): 
(fancyhdr)                Make it at least 12.3207pt, for example:
(fancyhdr)                \setlength{\headheight}{12.3207pt}.
(fancyhdr)                You might also make \topmargin smaller to compensate:
(fancyhdr)                \addtolength{\topmargin}{-0.3207pt}.

[61]

Package fancyhdr Warning: \headheight is too small (12.0pt): 
(fancyhdr)                Make it at least 12.3207pt, for example:
(fancyhdr)                \setlength{\headheight}{12.3207pt}.
(fancyhdr)                You might also make \topmargin smaller to compensate:
(fancyhdr)                \addtolength{\topmargin}{-0.3207pt}.

[62 <./chapters/TumorEvStudiesIIImages//image7.png>]
<chapters/TumorEvStudiesIIImages//image8.png, id=748, 316.18124pt x 420.57124pt>
File: chapters/TumorEvStudiesIIImages//image8.png Graphic file (type png)
<use chapters/TumorEvStudiesIIImages//image8.png>
Package pdftex.def Info: chapters/TumorEvStudiesIIImages//image8.png  used on input line 298.
(pdftex.def)             Requested size: 247.83133pt x 329.63576pt.


Package fancyhdr Warning: \headheight is too small (12.0pt): 
(fancyhdr)                Make it at least 12.3207pt, for example:
(fancyhdr)                \setlength{\headheight}{12.3207pt}.
(fancyhdr)                You might also make \topmargin smaller to compensate:
(fancyhdr)                \addtolength{\topmargin}{-0.3207pt}.

[63 <./chapters/TumorEvStudiesIIImages//image8.png>]
<chapters/TumorEvStudiesIIImages//image9.png, id=754, 266.9975pt x 327.2225pt>
File: chapters/TumorEvStudiesIIImages//image9.png Graphic file (type png)
<use chapters/TumorEvStudiesIIImages//image9.png>
Package pdftex.def Info: chapters/TumorEvStudiesIIImages//image9.png  used on input line 341.
(pdftex.def)             Requested size: 234.43295pt x 287.32257pt.


Package fancyhdr Warning: \headheight is too small (12.0pt): 
(fancyhdr)                Make it at least 12.3207pt, for example:
(fancyhdr)                \setlength{\headheight}{12.3207pt}.
(fancyhdr)                You might also make \topmargin smaller to compensate:
(fancyhdr)                \addtolength{\topmargin}{-0.3207pt}.

[64 <./chapters/TumorEvStudiesIIImages//image9.png>]
<chapters/TumorEvStudiesIIImages//image10.png, id=760, 317.185pt x 326.21875pt>
File: chapters/TumorEvStudiesIIImages//image10.png Graphic file (type png)
<use chapters/TumorEvStudiesIIImages//image10.png>
Package pdftex.def Info: chapters/TumorEvStudiesIIImages//image10.png  used on input line 382.
(pdftex.def)             Requested size: 264.50731pt x 272.04074pt.


Package fancyhdr Warning: \headheight is too small (12.0pt): 
(fancyhdr)                Make it at least 12.3207pt, for example:
(fancyhdr)                \setlength{\headheight}{12.3207pt}.
(fancyhdr)                You might also make \topmargin smaller to compensate:
(fancyhdr)                \addtolength{\topmargin}{-0.3207pt}.

[65 <./chapters/TumorEvStudiesIIImages//image10.png>]
<chapters/TumorEvStudiesIIImages//image11.png, id=766, 402.50375pt x 561.09625pt>
File: chapters/TumorEvStudiesIIImages//image11.png Graphic file (type png)
<use chapters/TumorEvStudiesIIImages//image11.png>
Package pdftex.def Info: chapters/TumorEvStudiesIIImages//image11.png  used on input line 409.
(pdftex.def)             Requested size: 225.94102pt x 315.02512pt.


Package fancyhdr Warning: \headheight is too small (12.0pt): 
(fancyhdr)                Make it at least 12.3207pt, for example:
(fancyhdr)                \setlength{\headheight}{12.3207pt}.
(fancyhdr)                You might also make \topmargin smaller to compensate:
(fancyhdr)                \addtolength{\topmargin}{-0.3207pt}.

[66 <./chapters/TumorEvStudiesIIImages//image11.png>]
<chapters/TumorEvStudiesIIImages//image12.png, id=776, 703.62875pt x 320.19624pt>
File: chapters/TumorEvStudiesIIImages//image12.png Graphic file (type png)
<use chapters/TumorEvStudiesIIImages//image12.png>
Package pdftex.def Info: chapters/TumorEvStudiesIIImages//image12.png  used on input line 462.
(pdftex.def)             Requested size: 483.40001pt x 215.10199pt.

Overfull \hbox (368.8686pt too wide) in paragraph at lines 460--464
\T1/qbk/m/n/10 the num-ber of copies of al-lele A and num-ber of copies of al-lele B.[]For
 []


Package fancyhdr Warning: \headheight is too small (12.0pt): 
(fancyhdr)                Make it at least 12.3207pt, for example:
(fancyhdr)                \setlength{\headheight}{12.3207pt}.
(fancyhdr)                You might also make \topmargin smaller to compensate:
(fancyhdr)                \addtolength{\topmargin}{-0.3207pt}.

[67 <./chapters/TumorEvStudiesIIImages//image12.png>]
<chapters/TumorEvStudiesIIImages//image13.png, id=782, 356.33125pt x 343.2825pt>
File: chapters/TumorEvStudiesIIImages//image13.png Graphic file (type png)
<use chapters/TumorEvStudiesIIImages//image13.png>
Package pdftex.def Info: chapters/TumorEvStudiesIIImages//image13.png  used on input line 494.
(pdftex.def)             Requested size: 217.45961pt x 209.48058pt.
<chapters/TumorEvStudiesIIImages//image14.png, id=783, 165.2355pt x 144.54pt>
File: chapters/TumorEvStudiesIIImages//image14.png Graphic file (type png)
<use chapters/TumorEvStudiesIIImages//image14.png>
Package pdftex.def Info: chapters/TumorEvStudiesIIImages//image14.png  used on input line 522.
(pdftex.def)             Requested size: 165.61832pt x 144.79767pt.


Package fancyhdr Warning: \headheight is too small (12.0pt): 
(fancyhdr)                Make it at least 12.3207pt, for example:
(fancyhdr)                \setlength{\headheight}{12.3207pt}.
(fancyhdr)                You might also make \topmargin smaller to compensate:
(fancyhdr)                \addtolength{\topmargin}{-0.3207pt}.

[68 <./chapters/TumorEvStudiesIIImages//image13.png>]
<chapters/TumorEvStudiesIIImages//image15.png, id=789, 475.7775pt x 372.39125pt>
File: chapters/TumorEvStudiesIIImages//image15.png Graphic file (type png)
<use chapters/TumorEvStudiesIIImages//image15.png>
Package pdftex.def Info: chapters/TumorEvStudiesIIImages//image15.png  used on input line 531.
(pdftex.def)             Requested size: 475.7981pt x 365.8785pt.

Overfull \hbox (81.37805pt too wide) in paragraph at lines 531--533
[][]\T1/qbk/b/n/10 Case
 []


Package fancyhdr Warning: \headheight is too small (12.0pt): 
(fancyhdr)                Make it at least 12.3207pt, for example:
(fancyhdr)                \setlength{\headheight}{12.3207pt}.
(fancyhdr)                You might also make \topmargin smaller to compensate:
(fancyhdr)                \addtolength{\topmargin}{-0.3207pt}.

[69 <./chapters/TumorEvStudiesIIImages//image14.png>]

Package fancyhdr Warning: \headheight is too small (12.0pt): 
(fancyhdr)                Make it at least 12.3207pt, for example:
(fancyhdr)                \setlength{\headheight}{12.3207pt}.
(fancyhdr)                You might also make \topmargin smaller to compensate:
(fancyhdr)                \addtolength{\topmargin}{-0.3207pt}.

[70 <./chapters/TumorEvStudiesIIImages//image15.png>]
<chapters/TumorEvStudiesIIImages//image16.png, id=800, 571.13374pt x 431.6125pt>
File: chapters/TumorEvStudiesIIImages//image16.png Graphic file (type png)
<use chapters/TumorEvStudiesIIImages//image16.png>
Package pdftex.def Info: chapters/TumorEvStudiesIIImages//image16.png  used on input line 586.
(pdftex.def)             Requested size: 483.40929pt x 365.32466pt.

Overfull \hbox (64.78929pt too wide) in paragraph at lines 586--587
[][] 
 []


Package fancyhdr Warning: \headheight is too small (12.0pt): 
(fancyhdr)                Make it at least 12.3207pt, for example:
(fancyhdr)                \setlength{\headheight}{12.3207pt}.
(fancyhdr)                You might also make \topmargin smaller to compensate:
(fancyhdr)                \addtolength{\topmargin}{-0.3207pt}.

[71]) (chapters/extracellular_vesicles.tex

Package fancyhdr Warning: \headheight is too small (12.0pt): 
(fancyhdr)                Make it at least 12.3207pt, for example:
(fancyhdr)                \setlength{\headheight}{12.3207pt}.
(fancyhdr)                You might also make \topmargin smaller to compensate:
(fancyhdr)                \addtolength{\topmargin}{-0.3207pt}.

[72 <./chapters/TumorEvStudiesIIImages//image16.png>]
Chapter 6.
<chapters/TumorEvAndVesciclesImages//image_07.png, id=811, 1270.7475pt x 520.94624pt>
File: chapters/TumorEvAndVesciclesImages//image_07.png Graphic file (type png)
<use chapters/TumorEvAndVesciclesImages//image_07.png>
Package pdftex.def Info: chapters/TumorEvAndVesciclesImages//image_07.png  used on input line 12.
(pdftex.def)             Requested size: 432.04843pt x 177.11937pt.
[73

 <./chapters/TumorEvAndVesciclesImages//image_07.png>]
<chapters/TumorEvAndVesciclesImages//image_05.png, id=818, 493.0922pt x 298.86656pt>
File: chapters/TumorEvAndVesciclesImages//image_05.png Graphic file (type png)
<use chapters/TumorEvAndVesciclesImages//image_05.png>
Package pdftex.def Info: chapters/TumorEvAndVesciclesImages//image_05.png  used on input line 20.
(pdftex.def)             Requested size: 394.47429pt x 239.09355pt.

Overfull \hbox (1.45277pt too wide) in paragraph at lines 25--26
[]\T1/qbk/m/n/10 Exosomes orig-i-nate from \T1/qbk/b/n/10 mul-ti-vesic-u-lar bod-ies\T1/qbk/m/n/10 . Mul-ti-vesic-u-lar bod-ies are or-ganelles
 []

<chapters/TumorEvAndVesciclesImages//image_06.png, id=819, 673.01437pt x 316.18124pt>
File: chapters/TumorEvAndVesciclesImages//image_06.png Graphic file (type png)
<use chapters/TumorEvAndVesciclesImages//image_06.png>
Package pdftex.def Info: chapters/TumorEvAndVesciclesImages//image_06.png  used on input line 31.
(pdftex.def)             Requested size: 336.50636pt x 158.09023pt.
[74 <./chapters/TumorEvAndVesciclesImages//image_05.png>] [75 <./chapters/TumorEvAndVesciclesImages//image_06.png>] [76] [77]) [78] (principal.aux)

LaTeX Warning: There were multiply-defined labels.

Package rerunfilecheck Info: File `principal.out' has not changed.
(rerunfilecheck)             Checksum: 48718B03D2EA4AFB0922E9B049B9DB0A;9942.
 ) 
Here is how much of TeX's memory you used:
 22206 strings out of 478619
 429048 string characters out of 2841829
 697616 words of memory out of 3000000
 39755 multiletter control sequences out of 15000+600000
 539947 words of font info for 89 fonts, out of 8000000 for 9000
 1141 hyphenation exceptions out of 8191
 79i,15n,82p,1311b,947s stack positions out of 10000i,1000n,20000p,200000b,80000s
 <C:\Users\Maurizio\AppData\Local\MiKTeX\fonts/pk/ljfour/jknappen/ec/dpi600\ectt1000.pk>{C:/Users/Maurizio/AppData/Local/Programs/MiKTeX/fonts/enc/dvips/tex-gyre/q-ec.enc} <C:\Users\Maurizio\AppData\Local\MiKTeX\fonts/pk/ljfour/jknappen/ec/dpi600\ectt0900.pk>{C:/Users/Maurizio/AppData/Local/Programs/MiKTeX/fonts/enc/dvips/tex-gyre/q-ts1.enc}<C:/Users/Maurizio/AppData/Local/Programs/MiKTeX/fonts/type1/public/amsfonts/cm/cmmi10.pfb><C:/Users/Maurizio/AppData/Local/Programs/MiKTeX/fonts/type1/public/amsfonts/cm/cmmi7.pfb><C:/Users/Maurizio/AppData/Local/Programs/MiKTeX/fonts/type1/public/amsfonts/cm/cmr10.pfb><C:/Users/Maurizio/AppData/Local/Programs/MiKTeX/fonts/type1/public/amsfonts/cm/cmr12.pfb><C:/Users/Maurizio/AppData/Local/Programs/MiKTeX/fonts/type1/public/amsfonts/cm/cmr7.pfb><C:/Users/Maurizio/AppData/Local/Programs/MiKTeX/fonts/type1/public/amsfonts/cm/cmsy10.pfb><C:/Users/Maurizio/AppData/Local/Programs/MiKTeX/fonts/type1/public/tex-gyre/qbkb.pfb><C:/Users/Maurizio/AppData/Local/Programs/MiKTeX/fonts/type1/public/tex-gyre/qbkbi.pfb><C:/Users/Maurizio/AppData/Local/Programs/MiKTeX/fonts/type1/public/tex-gyre/qbkr.pfb><C:/Users/Maurizio/AppData/Local/Programs/MiKTeX/fonts/type1/public/tex-gyre/qbkri.pfb>
Output written on principal.pdf (79 pages, 10133542 bytes).
PDF statistics:
 987 PDF objects out of 1000 (max. 8388607)
 210 named destinations out of 1000 (max. 500000)
 797 words of extra memory for PDF output out of 10000 (max. 10000000)

